
Fetching data for: EICHERMOT.NS
  Parameters: MA=20, RSI=10, RSI_threshold=45
  MACD: 8/24/7, Max_hold=60
  Trades       : 3
  Win Rate     : 100.00%
  Avg Return   : 0.0053
 Did not meet performance criteria.
    Need ≥4 trades (got 3)

Fetching data for: VBL.NS
  Parameters: MA=25, RSI=14, RSI_threshold=55
  MACD: 12/26/9, Max_hold=80
  Trades       : 3
  Win Rate     : 0.00%
  Avg Return   : -0.0024
 Did not meet performance criteria.
    Need ≥4 trades (got 3)
    Need ≥60% win rate (got 0.0%)
    Need positive avg return (got -0.0024)

Fetching data for: TRENT.NS
  Parameters: MA=18, RSI=8, RSI_threshold=42
  MACD: 10/24/8, Max_hold=96
  Trades       : 6
  Win Rate     : 33.33%
  Avg Return   : -0.0059
 Did not meet performance criteria.
    Need ≥60% win rate (got 33.3%)
    Need positive avg return (got -0.0059)

Fetching data for: TCS.NS
  Parameters: MA=24, RSI=8, RSI_threshold=45
  MACD: 9/24/12, Max_hold=60
  Trades       : 4
  Win Rate     : 50.00%
  Avg Return   : 0.0010
 Did not meet performance criteria.
    Need ≥60% win rate (got 50.0%)

Fetching data for: DIVISLAB.NS
  Parameters: MA=22, RSI=16, RSI_threshold=50
  MACD: 11/25/8, Max_hold=88
  Trades       : 5
  Win Rate     : 20.00%
  Avg Return   : 0.0001
 Did not meet performance criteria.
    Need ≥60% win rate (got 20.0%)

Fetching data for: FIRSTCRY.NS
  Parameters: MA=16, RSI=12, RSI_threshold=47
  MACD: 9/22/7, Max_hold=60
  Trades       : 3
  Win Rate     : 66.67%
  Avg Return   : 0.0373
 Did not meet performance criteria.
    Need ≥4 trades (got 3)

Fetching data for: SBIN.NS
  Parameters: MA=16, RSI=8, RSI_threshold=55
  MACD: 9/26/12, Max_hold=96
  Trades       : 4
  Win Rate     : 100.00%
  Avg Return   : 0.0057
 MEETS ALL CRITERIA!

Fetching data for: BAJFINANCE.NS
  Parameters: MA=16, RSI=16, RSI_threshold=50
  MACD: 9/24/12, Max_hold=60
  Trades       : 6
  Win Rate     : 50.00%
  Avg Return   : 0.0018
 Did not meet performance criteria.
    Need ≥60% win rate (got 50.0%)
